c:\users\taih\documents\yoobee2023-2024-backup\cs106\a2\cs106_a2\cs106_a2\x64\debug\vc143.pdb
c:\users\taih\documents\yoobee2023-2024-backup\cs106\a2\cs106_a2\cs106_a2\x64\debug\.netframework,version=v4.7.2.assemblyattributes.obj
c:\users\taih\documents\yoobee2023-2024-backup\cs106\a2\cs106_a2\cs106_a2\x64\debug\vaccinecert.obj
c:\users\taih\documents\yoobee2023-2024-backup\cs106\a2\cs106_a2\cs106_a2\x64\debug\testresultform.obj
c:\users\taih\documents\yoobee2023-2024-backup\cs106\a2\cs106_a2\cs106_a2\x64\debug\sign_in.obj
c:\users\taih\documents\yoobee2023-2024-backup\cs106\a2\cs106_a2\cs106_a2\x64\debug\myqrcode.obj
c:\users\taih\documents\yoobee2023-2024-backup\cs106\a2\cs106_a2\cs106_a2\x64\debug\myhuh.obj
c:\users\taih\documents\yoobee2023-2024-backup\cs106\a2\cs106_a2\cs106_a2\x64\debug\myform.obj
c:\users\taih\documents\yoobee2023-2024-backup\cs106\a2\cs106_a2\cs106_a2\x64\debug\home.obj
c:\users\taih\documents\yoobee2023-2024-backup\cs106\a2\cs106_a2\cs106_a2\x64\debug\createuser.obj
c:\users\taih\documents\yoobee2023-2024-backup\cs106\a2\cs106_a2\cs106_a2\x64\debug\createtestresult.obj
c:\users\taih\documents\yoobee2023-2024-backup\cs106\a2\cs106_a2\x64\debug\cs106_a2.exe
c:\users\taih\documents\yoobee2023-2024-backup\cs106\a2\cs106_a2\x64\debug\cs106_a2.pdb
c:\users\taih\documents\yoobee2023-2024-backup\cs106\a2\cs106_a2\cs106_a2\x64\debug\cs106_a2.tlog\cl.command.1.tlog
c:\users\taih\documents\yoobee2023-2024-backup\cs106\a2\cs106_a2\cs106_a2\x64\debug\cs106_a2.tlog\cl.items.tlog
c:\users\taih\documents\yoobee2023-2024-backup\cs106\a2\cs106_a2\cs106_a2\x64\debug\cs106_a2.tlog\cl.read.1.tlog
c:\users\taih\documents\yoobee2023-2024-backup\cs106\a2\cs106_a2\cs106_a2\x64\debug\cs106_a2.tlog\cl.write.1.tlog
c:\users\taih\documents\yoobee2023-2024-backup\cs106\a2\cs106_a2\cs106_a2\x64\debug\cs106_a2.tlog\link.command.1.tlog
c:\users\taih\documents\yoobee2023-2024-backup\cs106\a2\cs106_a2\cs106_a2\x64\debug\cs106_a2.tlog\link.read.1.tlog
c:\users\taih\documents\yoobee2023-2024-backup\cs106\a2\cs106_a2\cs106_a2\x64\debug\cs106_a2.tlog\link.secondary.1.tlog
c:\users\taih\documents\yoobee2023-2024-backup\cs106\a2\cs106_a2\cs106_a2\x64\debug\cs106_a2.tlog\link.write.1.tlog
c:\users\taih\documents\yoobee2023-2024-backup\cs106\a2\cs106_a2\cs106_a2\x64\debug\cs106_a2.tlog\metagen.read.1.tlog
c:\users\taih\documents\yoobee2023-2024-backup\cs106\a2\cs106_a2\cs106_a2\x64\debug\cs106_a2.tlog\metagen.write.1.tlog
c:\users\taih\documents\yoobee2023-2024-backup\cs106\a2\cs106_a2\cs106_a2\x64\debug\cs106_a2.tlog\resgen.command.1.tlog
c:\users\taih\documents\yoobee2023-2024-backup\cs106\a2\cs106_a2\cs106_a2\x64\debug\cs106_a2.tlog\resgen.read.1.tlog
c:\users\taih\documents\yoobee2023-2024-backup\cs106\a2\cs106_a2\cs106_a2\x64\debug\cs106_a2.tlog\resgen.write.1.tlog
